#
# There is insufficient memory for the Java Runtime Environment to continue.
# Native memory allocation (malloc) failed to allocate 574096 bytes for Chunk::new
# Possible reasons:
#   The system is out of physical RAM or swap space
#   The process is running with CompressedOops enabled, and the Java Heap may be blocking the growth of the native heap
# Possible solutions:
#   Reduce memory load on the system
#   Increase physical memory or swap space
#   Check if swap backing store is full
#   Decrease Java heap size (-Xmx/-Xms)
#   Decrease number of Java threads
#   Decrease Java thread stack sizes (-Xss)
#   Set larger code cache with -XX:ReservedCodeCacheSize=
#   JVM is running with Zero Based Compressed Oops mode in which the Java heap is
#     placed in the first 32GB address space. The Java Heap base address is the
#     maximum limit for the native heap growth. Please use -XX:HeapBaseMinAddress
#     to set the Java Heap base and to place the Java Heap above 32GB virtual address.
# This output file may be truncated or incomplete.
#
#  Out of Memory Error (arena.cpp:184), pid=23188, tid=29024
#
# JRE version: OpenJDK Runtime Environment (19.0.1+10) (build 19.0.1+10-21)
# Java VM: OpenJDK 64-Bit Server VM (19.0.1+10-21, mixed mode, sharing, tiered, compressed oops, compressed class ptrs, g1 gc, windows-amd64)
# No core dump will be written. Minidumps are not enabled by default on client versions of Windows
#

---------------  S U M M A R Y ------------

Command Line: -ea -Didea.test.cyclic.buffer.size=1048576 -javaagent:C:\Program Files\JetBrains\IntelliJ IDEA Community Edition 2022.2\lib\idea_rt.jar=50163:C:\Program Files\JetBrains\IntelliJ IDEA Community Edition 2022.2\bin -Dfile.encoding=UTF-8 com.intellij.rt.junit.JUnitStarter -ideVersion5 -junit5 com.example.demo.IntegracionTurnoTest

Host: Intel(R) Core(TM) i7-7700HQ CPU @ 2.80GHz, 8 cores, 15G,  Windows 10 , 64 bit Build 19041 (10.0.19041.2251)
Time: Sun Dec 11 16:34:57 2022 Hora estándar de Montevideo elapsed time: 3.468567 seconds (0d 0h 0m 3s)

---------------  T H R E A D  ---------------

Current thread (0x00000207a93e3fa0):  JavaThread "C2 CompilerThread0" daemon [_thread_in_native, id=29024, stack(0x0000009570100000,0x0000009570200000)]


Current CompileTask:
C2:   3468 2354   !   4       jdk.internal.loader.BuiltinClassLoader::loadClassOrNull (143 bytes)

Stack: [0x0000009570100000,0x0000009570200000]
Native frames: (J=compiled Java code, j=interpreted, Vv=VM code, C=native code)
V  [jvm.dll+0x6ee8fa]
V  [jvm.dll+0x857a1e]
V  [jvm.dll+0x85940e]
V  [jvm.dll+0x859ac3]
V  [jvm.dll+0x28291f]
V  [jvm.dll+0xc9b5f]
V  [jvm.dll+0xc9ee5]
V  [jvm.dll+0x2f7c6f]
V  [jvm.dll+0x5f0c5b]
V  [jvm.dll+0x254d73]
V  [jvm.dll+0x24d901]
V  [jvm.dll+0x24b563]
V  [jvm.dll+0x1d6d61]
V  [jvm.dll+0x25b0fa]
V  [jvm.dll+0x259588]
V  [jvm.dll+0x807928]
V  [jvm.dll+0x8015fa]
V  [jvm.dll+0x6ed5eb]
C  [ucrtbase.dll+0x21bb2]
C  [KERNEL32.DLL+0x174b4]
C  [ntdll.dll+0x526a1]


---------------  P R O C E S S  ---------------

Threads class SMR info:
_java_thread_list=0x00000207aee10510, length=15, elements={
0x00000207860a3070, 0x00000207a93d89c0, 0x00000207a93d9690, 0x00000207a93dccb0,
0x00000207a93df5f0, 0x00000207a93dff20, 0x00000207a93e09f0, 0x00000207a93e3fa0,
0x00000207a93e54d0, 0x00000207a93e70a0, 0x00000207ad8d0570, 0x00000207ad8cd050,
0x00000207ad8cdaf0, 0x00000207ae886300, 0x00000207ae7e84b0
}

Java Threads: ( => current thread )
  0x00000207860a3070 JavaThread "main" [_thread_in_vm, id=688, stack(0x000000956f400000,0x000000956f500000)]
  0x00000207a93d89c0 JavaThread "Reference Handler" daemon [_thread_blocked, id=26620, stack(0x000000956fb00000,0x000000956fc00000)]
  0x00000207a93d9690 JavaThread "Finalizer" daemon [_thread_blocked, id=27248, stack(0x000000956fc00000,0x000000956fd00000)]
  0x00000207a93dccb0 JavaThread "Signal Dispatcher" daemon [_thread_blocked, id=12740, stack(0x000000956fd00000,0x000000956fe00000)]
  0x00000207a93df5f0 JavaThread "Attach Listener" daemon [_thread_blocked, id=17648, stack(0x000000956fe00000,0x000000956ff00000)]
  0x00000207a93dff20 JavaThread "Service Thread" daemon [_thread_blocked, id=7700, stack(0x000000956ff00000,0x0000009570000000)]
  0x00000207a93e09f0 JavaThread "Monitor Deflation Thread" daemon [_thread_blocked, id=23476, stack(0x0000009570000000,0x0000009570100000)]
=>0x00000207a93e3fa0 JavaThread "C2 CompilerThread0" daemon [_thread_in_native, id=29024, stack(0x0000009570100000,0x0000009570200000)]
  0x00000207a93e54d0 JavaThread "C1 CompilerThread0" daemon [_thread_in_native, id=7652, stack(0x0000009570200000,0x0000009570300000)]
  0x00000207a93e70a0 JavaThread "Sweeper thread" daemon [_thread_blocked, id=1572, stack(0x0000009570300000,0x0000009570400000)]
  0x00000207ad8d0570 JavaThread "Common-Cleaner" daemon [_thread_blocked, id=26280, stack(0x0000009570400000,0x0000009570500000)]
  0x00000207ad8cd050 JavaThread "Monitor Ctrl-Break" daemon [_thread_in_native, id=24208, stack(0x0000009570500000,0x0000009570600000)]
  0x00000207ad8cdaf0 JavaThread "Notification Thread" daemon [_thread_blocked, id=28732, stack(0x0000009570600000,0x0000009570700000)]
  0x00000207ae886300 JavaThread "C2 CompilerThread1" daemon [_thread_in_native, id=30308, stack(0x0000009570800000,0x0000009570900000)]
  0x00000207ae7e84b0 JavaThread "C2 CompilerThread2" daemon [_thread_in_native, id=20592, stack(0x0000009571000000,0x0000009571100000)]

Other Threads:
  0x00000207a93bea70 VMThread "VM Thread" [stack: 0x000000956fa00000,0x000000956fb00000] [id=1056]
  0x00000207ad97c410 WatcherThread "VM Periodic Task Thread" [stack: 0x0000009570700000,0x0000009570800000] [id=5684]
  0x0000020786112010 WorkerThread "GC Thread#0" [stack: 0x000000956f500000,0x000000956f600000] [id=13712]
  0x00000207ae0298a0 WorkerThread "GC Thread#1" [stack: 0x0000009570900000,0x0000009570a00000] [id=8888]
  0x00000207ae029f80 WorkerThread "GC Thread#2" [stack: 0x0000009570a00000,0x0000009570b00000] [id=7608]
  0x00000207ae489040 WorkerThread "GC Thread#3" [stack: 0x0000009570b00000,0x0000009570c00000] [id=26188]
  0x00000207ae489ba0 WorkerThread "GC Thread#4" [stack: 0x0000009570c00000,0x0000009570d00000] [id=8872]
  0x00000207ae4a17a0 WorkerThread "GC Thread#5" [stack: 0x0000009570d00000,0x0000009570e00000] [id=4580]
  0x00000207ae4a30f0 WorkerThread "GC Thread#6" [stack: 0x0000009570e00000,0x0000009570f00000] [id=12300]
  0x00000207ae4a2880 WorkerThread "GC Thread#7" [stack: 0x0000009570f00000,0x0000009571000000] [id=10488]
  0x0000020786122c00 ConcurrentGCThread "G1 Main Marker" [stack: 0x000000956f600000,0x000000956f700000] [id=27004]
  0x0000020786124b90 WorkerThread "G1 Conc#0" [stack: 0x000000956f700000,0x000000956f800000] [id=5400]
  0x000002078615ea10 ConcurrentGCThread "G1 Refine#0" [stack: 0x000000956f800000,0x000000956f900000] [id=31028]
  0x00000207a927e580 ConcurrentGCThread "G1 Service" [stack: 0x000000956f900000,0x000000956fa00000] [id=844]

Threads with active compile tasks:
C2 CompilerThread0     3526 2354   !   4       jdk.internal.loader.BuiltinClassLoader::loadClassOrNull (143 bytes)
C1 CompilerThread0     3526 2431   !   3       org.springframework.util.ClassUtils::forName (247 bytes)
C2 CompilerThread1     3526 2399       4       jdk.internal.jimage.ImageLocation::verify (218 bytes)
C2 CompilerThread2     3526 2356       4       java.net.URLStreamHandler::parseURL (1124 bytes)

VM state: not at safepoint (normal execution)

VM Mutex/Monitor currently owned by a thread: None

Heap address: 0x0000000702c00000, size: 4052 MB, Compressed Oops mode: Zero based, Oop shift amount: 3

CDS archive(s) mapped at: [0x0000000800000000-0x0000000800c30000-0x0000000800c30000), size 12779520, SharedBaseAddress: 0x0000000800000000, ArchiveRelocationMode: 0.
Compressed class space mapped at: 0x0000000801000000-0x0000000841000000, reserved size: 1073741824
Narrow klass base: 0x0000000800000000, Narrow klass shift: 0, Narrow klass range: 0x100000000

GC Precious Log:
 CardTable entry size: 512
 Card Set container configuration: InlinePtr #cards 4 size 8 Array Of Cards #cards 16 size 48 Howl #buckets 8 coarsen threshold 3686 Howl Bitmap #cards 512 size 80 coarsen threshold 460 Card regions per heap region 1 cards per card region 4096
 CPUs: 8 total, 8 available
 Memory: 16207M
 Large Page Support: Disabled
 NUMA Support: Disabled
 Compressed Oops: Enabled (Zero based)
 Heap Region Size: 2M
 Heap Min Capacity: 8M
 Heap Initial Capacity: 254M
 Heap Max Capacity: 4052M
 Pre-touch: Disabled
 Parallel Workers: 8
 Concurrent Workers: 2
 Concurrent Refinement Workers: 8
 Periodic GC: Disabled

Heap:
 garbage-first heap   total 260096K, used 42487K [0x0000000702c00000, 0x0000000800000000)
  region size 2048K, 19 young (38912K), 2 survivors (4096K)
 Metaspace       used 19843K, committed 20096K, reserved 1114112K
  class space    used 2437K, committed 2560K, reserved 1048576K

Heap Regions: E=young(eden), S=young(survivor), O=old, HS=humongous(starts), HC=humongous(continues), CS=collection set, F=free, OA=open archive, CA=closed archive, TAMS=top-at-mark-start (previous, next)
|   0|0x0000000702c00000, 0x0000000702e00000, 0x0000000702e00000|100%| O|  |TAMS 0x0000000702c00000, 0x0000000702c00000| Untracked 
|   1|0x0000000702e00000, 0x0000000703000000, 0x0000000703000000|100%| O|  |TAMS 0x0000000702e00000, 0x0000000702e00000| Untracked 
|   2|0x0000000703000000, 0x0000000703200000, 0x0000000703200000|100%| O|  |TAMS 0x0000000703000000, 0x0000000703000000| Untracked 
|   3|0x0000000703200000, 0x00000007032a4000, 0x0000000703400000| 32%| O|  |TAMS 0x0000000703200000, 0x0000000703200000| Untracked 
|   4|0x0000000703400000, 0x0000000703400000, 0x0000000703600000|  0%| F|  |TAMS 0x0000000703400000, 0x0000000703400000| Untracked 
|   5|0x0000000703600000, 0x0000000703600000, 0x0000000703800000|  0%| F|  |TAMS 0x0000000703600000, 0x0000000703600000| Untracked 
|   6|0x0000000703800000, 0x0000000703800000, 0x0000000703a00000|  0%| F|  |TAMS 0x0000000703800000, 0x0000000703800000| Untracked 
|   7|0x0000000703a00000, 0x0000000703a00000, 0x0000000703c00000|  0%| F|  |TAMS 0x0000000703a00000, 0x0000000703a00000| Untracked 
|   8|0x0000000703c00000, 0x0000000703c00000, 0x0000000703e00000|  0%| F|  |TAMS 0x0000000703c00000, 0x0000000703c00000| Untracked 
|   9|0x0000000703e00000, 0x0000000703e00000, 0x0000000704000000|  0%| F|  |TAMS 0x0000000703e00000, 0x0000000703e00000| Untracked 
|  10|0x0000000704000000, 0x0000000704000000, 0x0000000704200000|  0%| F|  |TAMS 0x0000000704000000, 0x0000000704000000| Untracked 
|  11|0x0000000704200000, 0x0000000704200000, 0x0000000704400000|  0%| F|  |TAMS 0x0000000704200000, 0x0000000704200000| Untracked 
|  12|0x0000000704400000, 0x0000000704400000, 0x0000000704600000|  0%| F|  |TAMS 0x0000000704400000, 0x0000000704400000| Untracked 
|  13|0x0000000704600000, 0x0000000704600000, 0x0000000704800000|  0%| F|  |TAMS 0x0000000704600000, 0x0000000704600000| Untracked 
|  14|0x0000000704800000, 0x0000000704800000, 0x0000000704a00000|  0%| F|  |TAMS 0x0000000704800000, 0x0000000704800000| Untracked 
|  15|0x0000000704a00000, 0x0000000704a00000, 0x0000000704c00000|  0%| F|  |TAMS 0x0000000704a00000, 0x0000000704a00000| Untracked 
|  16|0x0000000704c00000, 0x0000000704c00000, 0x0000000704e00000|  0%| F|  |TAMS 0x0000000704c00000, 0x0000000704c00000| Untracked 
|  17|0x0000000704e00000, 0x0000000704e00000, 0x0000000705000000|  0%| F|  |TAMS 0x0000000704e00000, 0x0000000704e00000| Untracked 
|  18|0x0000000705000000, 0x0000000705000000, 0x0000000705200000|  0%| F|  |TAMS 0x0000000705000000, 0x0000000705000000| Untracked 
|  19|0x0000000705200000, 0x0000000705200000, 0x0000000705400000|  0%| F|  |TAMS 0x0000000705200000, 0x0000000705200000| Untracked 
|  20|0x0000000705400000, 0x0000000705400000, 0x0000000705600000|  0%| F|  |TAMS 0x0000000705400000, 0x0000000705400000| Untracked 
|  21|0x0000000705600000, 0x0000000705600000, 0x0000000705800000|  0%| F|  |TAMS 0x0000000705600000, 0x0000000705600000| Untracked 
|  22|0x0000000705800000, 0x0000000705800000, 0x0000000705a00000|  0%| F|  |TAMS 0x0000000705800000, 0x0000000705800000| Untracked 
|  23|0x0000000705a00000, 0x0000000705a00000, 0x0000000705c00000|  0%| F|  |TAMS 0x0000000705a00000, 0x0000000705a00000| Untracked 
|  24|0x0000000705c00000, 0x0000000705c00000, 0x0000000705e00000|  0%| F|  |TAMS 0x0000000705c00000, 0x0000000705c00000| Untracked 
|  25|0x0000000705e00000, 0x0000000705e00000, 0x0000000706000000|  0%| F|  |TAMS 0x0000000705e00000, 0x0000000705e00000| Untracked 
|  26|0x0000000706000000, 0x0000000706000000, 0x0000000706200000|  0%| F|  |TAMS 0x0000000706000000, 0x0000000706000000| Untracked 
|  27|0x0000000706200000, 0x0000000706200000, 0x0000000706400000|  0%| F|  |TAMS 0x0000000706200000, 0x0000000706200000| Untracked 
|  28|0x0000000706400000, 0x0000000706400000, 0x0000000706600000|  0%| F|  |TAMS 0x0000000706400000, 0x0000000706400000| Untracked 
|  29|0x0000000706600000, 0x0000000706600000, 0x0000000706800000|  0%| F|  |TAMS 0x0000000706600000, 0x0000000706600000| Untracked 
|  30|0x0000000706800000, 0x0000000706800000, 0x0000000706a00000|  0%| F|  |TAMS 0x0000000706800000, 0x0000000706800000| Untracked 
|  31|0x0000000706a00000, 0x0000000706a00000, 0x0000000706c00000|  0%| F|  |TAMS 0x0000000706a00000, 0x0000000706a00000| Untracked 
|  32|0x0000000706c00000, 0x0000000706c00000, 0x0000000706e00000|  0%| F|  |TAMS 0x0000000706c00000, 0x0000000706c00000| Untracked 
|  33|0x0000000706e00000, 0x0000000706e00000, 0x0000000707000000|  0%| F|  |TAMS 0x0000000706e00000, 0x0000000706e00000| Untracked 
|  34|0x0000000707000000, 0x0000000707000000, 0x0000000707200000|  0%| F|  |TAMS 0x0000000707000000, 0x0000000707000000| Untracked 
|  35|0x0000000707200000, 0x0000000707200000, 0x0000000707400000|  0%| F|  |TAMS 0x0000000707200000, 0x0000000707200000| Untracked 
|  36|0x0000000707400000, 0x0000000707400000, 0x0000000707600000|  0%| F|  |TAMS 0x0000000707400000, 0x0000000707400000| Untracked 
|  37|0x0000000707600000, 0x0000000707600000, 0x0000000707800000|  0%| F|  |TAMS 0x0000000707600000, 0x0000000707600000| Untracked 
|  38|0x0000000707800000, 0x0000000707800000, 0x0000000707a00000|  0%| F|  |TAMS 0x0000000707800000, 0x0000000707800000| Untracked 
|  39|0x0000000707a00000, 0x0000000707a00000, 0x0000000707c00000|  0%| F|  |TAMS 0x0000000707a00000, 0x0000000707a00000| Untracked 
|  40|0x0000000707c00000, 0x0000000707c00000, 0x0000000707e00000|  0%| F|  |TAMS 0x0000000707c00000, 0x0000000707c00000| Untracked 
|  41|0x0000000707e00000, 0x0000000707e00000, 0x0000000708000000|  0%| F|  |TAMS 0x0000000707e00000, 0x0000000707e00000| Untracked 
|  42|0x0000000708000000, 0x0000000708000000, 0x0000000708200000|  0%| F|  |TAMS 0x0000000708000000, 0x0000000708000000| Untracked 
|  43|0x0000000708200000, 0x0000000708200000, 0x0000000708400000|  0%| F|  |TAMS 0x0000000708200000, 0x0000000708200000| Untracked 
|  44|0x0000000708400000, 0x0000000708400000, 0x0000000708600000|  0%| F|  |TAMS 0x0000000708400000, 0x0000000708400000| Untracked 
|  45|0x0000000708600000, 0x0000000708600000, 0x0000000708800000|  0%| F|  |TAMS 0x0000000708600000, 0x0000000708600000| Untracked 
|  46|0x0000000708800000, 0x0000000708800000, 0x0000000708a00000|  0%| F|  |TAMS 0x0000000708800000, 0x0000000708800000| Untracked 
|  47|0x0000000708a00000, 0x0000000708a00000, 0x0000000708c00000|  0%| F|  |TAMS 0x0000000708a00000, 0x0000000708a00000| Untracked 
|  48|0x0000000708c00000, 0x0000000708c00000, 0x0000000708e00000|  0%| F|  |TAMS 0x0000000708c00000, 0x0000000708c00000| Untracked 
|  49|0x0000000708e00000, 0x0000000708e00000, 0x0000000709000000|  0%| F|  |TAMS 0x0000000708e00000, 0x0000000708e00000| Untracked 
|  50|0x0000000709000000, 0x0000000709000000, 0x0000000709200000|  0%| F|  |TAMS 0x0000000709000000, 0x0000000709000000| Untracked 
|  51|0x0000000709200000, 0x0000000709200000, 0x0000000709400000|  0%| F|  |TAMS 0x0000000709200000, 0x0000000709200000| Untracked 
|  52|0x0000000709400000, 0x0000000709400000, 0x0000000709600000|  0%| F|  |TAMS 0x0000000709400000, 0x0000000709400000| Untracked 
|  53|0x0000000709600000, 0x0000000709600000, 0x0000000709800000|  0%| F|  |TAMS 0x0000000709600000, 0x0000000709600000| Untracked 
|  54|0x0000000709800000, 0x0000000709800000, 0x0000000709a00000|  0%| F|  |TAMS 0x0000000709800000, 0x0000000709800000| Untracked 
|  55|0x0000000709a00000, 0x0000000709a00000, 0x0000000709c00000|  0%| F|  |TAMS 0x0000000709a00000, 0x0000000709a00000| Untracked 
|  56|0x0000000709c00000, 0x0000000709c00000, 0x0000000709e00000|  0%| F|  |TAMS 0x0000000709c00000, 0x0000000709c00000| Untracked 
|  57|0x0000000709e00000, 0x0000000709e00000, 0x000000070a000000|  0%| F|  |TAMS 0x0000000709e00000, 0x0000000709e00000| Untracked 
|  58|0x000000070a000000, 0x000000070a000000, 0x000000070a200000|  0%| F|  |TAMS 0x000000070a000000, 0x000000070a000000| Untracked 
|  59|0x000000070a200000, 0x000000070a200000, 0x000000070a400000|  0%| F|  |TAMS 0x000000070a200000, 0x000000070a200000| Untracked 
|  60|0x000000070a400000, 0x000000070a400000, 0x000000070a600000|  0%| F|  |TAMS 0x000000070a400000, 0x000000070a400000| Untracked 
|  61|0x000000070a600000, 0x000000070a600000, 0x000000070a800000|  0%| F|  |TAMS 0x000000070a600000, 0x000000070a600000| Untracked 
|  62|0x000000070a800000, 0x000000070a800000, 0x000000070aa00000|  0%| F|  |TAMS 0x000000070a800000, 0x000000070a800000| Untracked 
|  63|0x000000070aa00000, 0x000000070aa00000, 0x000000070ac00000|  0%| F|  |TAMS 0x000000070aa00000, 0x000000070aa00000| Untracked 
|  64|0x000000070ac00000, 0x000000070ac00000, 0x000000070ae00000|  0%| F|  |TAMS 0x000000070ac00000, 0x000000070ac00000| Untracked 
|  65|0x000000070ae00000, 0x000000070ae00000, 0x000000070b000000|  0%| F|  |TAMS 0x000000070ae00000, 0x000000070ae00000| Untracked 
|  66|0x000000070b000000, 0x000000070b000000, 0x000000070b200000|  0%| F|  |TAMS 0x000000070b000000, 0x000000070b000000| Untracked 
|  67|0x000000070b200000, 0x000000070b200000, 0x000000070b400000|  0%| F|  |TAMS 0x000000070b200000, 0x000000070b200000| Untracked 
|  68|0x000000070b400000, 0x000000070b400000, 0x000000070b600000|  0%| F|  |TAMS 0x000000070b400000, 0x000000070b400000| Untracked 
|  69|0x000000070b600000, 0x000000070b600000, 0x000000070b800000|  0%| F|  |TAMS 0x000000070b600000, 0x000000070b600000| Untracked 
|  70|0x000000070b800000, 0x000000070b800000, 0x000000070ba00000|  0%| F|  |TAMS 0x000000070b800000, 0x000000070b800000| Untracked 
|  71|0x000000070ba00000, 0x000000070ba00000, 0x000000070bc00000|  0%| F|  |TAMS 0x000000070ba00000, 0x000000070ba00000| Untracked 
|  72|0x000000070bc00000, 0x000000070bc00000, 0x000000070be00000|  0%| F|  |TAMS 0x000000070bc00000, 0x000000070bc00000| Untracked 
|  73|0x000000070be00000, 0x000000070be00000, 0x000000070c000000|  0%| F|  |TAMS 0x000000070be00000, 0x000000070be00000| Untracked 
|  74|0x000000070c000000, 0x000000070c000000, 0x000000070c200000|  0%| F|  |TAMS 0x000000070c000000, 0x000000070c000000| Untracked 
|  75|0x000000070c200000, 0x000000070c200000, 0x000000070c400000|  0%| F|  |TAMS 0x000000070c200000, 0x000000070c200000| Untracked 
|  76|0x000000070c400000, 0x000000070c400000, 0x000000070c600000|  0%| F|  |TAMS 0x000000070c400000, 0x000000070c400000| Untracked 
|  77|0x000000070c600000, 0x000000070c600000, 0x000000070c800000|  0%| F|  |TAMS 0x000000070c600000, 0x000000070c600000| Untracked 
|  78|0x000000070c800000, 0x000000070c800000, 0x000000070ca00000|  0%| F|  |TAMS 0x000000070c800000, 0x000000070c800000| Untracked 
|  79|0x000000070ca00000, 0x000000070ca00000, 0x000000070cc00000|  0%| F|  |TAMS 0x000000070ca00000, 0x000000070ca00000| Untracked 
|  80|0x000000070cc00000, 0x000000070cc00000, 0x000000070ce00000|  0%| F|  |TAMS 0x000000070cc00000, 0x000000070cc00000| Untracked 
|  81|0x000000070ce00000, 0x000000070ce00000, 0x000000070d000000|  0%| F|  |TAMS 0x000000070ce00000, 0x000000070ce00000| Untracked 
|  82|0x000000070d000000, 0x000000070d000000, 0x000000070d200000|  0%| F|  |TAMS 0x000000070d000000, 0x000000070d000000| Untracked 
|  83|0x000000070d200000, 0x000000070d200000, 0x000000070d400000|  0%| F|  |TAMS 0x000000070d200000, 0x000000070d200000| Untracked 
|  84|0x000000070d400000, 0x000000070d400000, 0x000000070d600000|  0%| F|  |TAMS 0x000000070d400000, 0x000000070d400000| Untracked 
|  85|0x000000070d600000, 0x000000070d600000, 0x000000070d800000|  0%| F|  |TAMS 0x000000070d600000, 0x000000070d600000| Untracked 
|  86|0x000000070d800000, 0x000000070d800000, 0x000000070da00000|  0%| F|  |TAMS 0x000000070d800000, 0x000000070d800000| Untracked 
|  87|0x000000070da00000, 0x000000070da00000, 0x000000070dc00000|  0%| F|  |TAMS 0x000000070da00000, 0x000000070da00000| Untracked 
|  88|0x000000070dc00000, 0x000000070dc00000, 0x000000070de00000|  0%| F|  |TAMS 0x000000070dc00000, 0x000000070dc00000| Untracked 
|  89|0x000000070de00000, 0x000000070de00000, 0x000000070e000000|  0%| F|  |TAMS 0x000000070de00000, 0x000000070de00000| Untracked 
|  90|0x000000070e000000, 0x000000070e000000, 0x000000070e200000|  0%| F|  |TAMS 0x000000070e000000, 0x000000070e000000| Untracked 
|  91|0x000000070e200000, 0x000000070e200000, 0x000000070e400000|  0%| F|  |TAMS 0x000000070e200000, 0x000000070e200000| Untracked 
|  92|0x000000070e400000, 0x000000070e400000, 0x000000070e600000|  0%| F|  |TAMS 0x000000070e400000, 0x000000070e400000| Untracked 
|  93|0x000000070e600000, 0x000000070e600000, 0x000000070e800000|  0%| F|  |TAMS 0x000000070e600000, 0x000000070e600000| Untracked 
|  94|0x000000070e800000, 0x000000070e800000, 0x000000070ea00000|  0%| F|  |TAMS 0x000000070e800000, 0x000000070e800000| Untracked 
|  95|0x000000070ea00000, 0x000000070ea00000, 0x000000070ec00000|  0%| F|  |TAMS 0x000000070ea00000, 0x000000070ea00000| Untracked 
|  96|0x000000070ec00000, 0x000000070ec00000, 0x000000070ee00000|  0%| F|  |TAMS 0x000000070ec00000, 0x000000070ec00000| Untracked 
|  97|0x000000070ee00000, 0x000000070ee00000, 0x000000070f000000|  0%| F|  |TAMS 0x000000070ee00000, 0x000000070ee00000| Untracked 
|  98|0x000000070f000000, 0x000000070f000000, 0x000000070f200000|  0%| F|  |TAMS 0x000000070f000000, 0x000000070f000000| Untracked 
|  99|0x000000070f200000, 0x000000070f200000, 0x000000070f400000|  0%| F|  |TAMS 0x000000070f200000, 0x000000070f200000| Untracked 
| 100|0x000000070f400000, 0x000000070f400000, 0x000000070f600000|  0%| F|  |TAMS 0x000000070f400000, 0x000000070f400000| Untracked 
| 101|0x000000070f600000, 0x000000070f600000, 0x000000070f800000|  0%| F|  |TAMS 0x000000070f600000, 0x000000070f600000| Untracked 
| 102|0x000000070f800000, 0x000000070f800000, 0x000000070fa00000|  0%| F|  |TAMS 0x000000070f800000, 0x000000070f800000| Untracked 
| 103|0x000000070fa00000, 0x000000070fa00000, 0x000000070fc00000|  0%| F|  |TAMS 0x000000070fa00000, 0x000000070fa00000| Untracked 
| 104|0x000000070fc00000, 0x000000070fc00000, 0x000000070fe00000|  0%| F|  |TAMS 0x000000070fc00000, 0x000000070fc00000| Untracked 
| 105|0x000000070fe00000, 0x000000070fe00000, 0x0000000710000000|  0%| F|  |TAMS 0x000000070fe00000, 0x000000070fe00000| Untracked 
| 106|0x0000000710000000, 0x0000000710000000, 0x0000000710200000|  0%| F|  |TAMS 0x0000000710000000, 0x0000000710000000| Untracked 
| 107|0x0000000710200000, 0x0000000710200000, 0x0000000710400000|  0%| F|  |TAMS 0x0000000710200000, 0x0000000710200000| Untracked 
| 108|0x0000000710400000, 0x000000071059a6c0, 0x0000000710600000| 80%| E|  |TAMS 0x0000000710400000, 0x0000000710400000| Complete 
| 109|0x0000000710600000, 0x00000007106d9e10, 0x0000000710800000| 42%| S|CS|TAMS 0x0000000710600000, 0x0000000710600000| Complete 
| 110|0x0000000710800000, 0x0000000710a00000, 0x0000000710a00000|100%| S|CS|TAMS 0x0000000710800000, 0x0000000710800000| Complete 
| 111|0x0000000710a00000, 0x0000000710c00000, 0x0000000710c00000|100%| E|CS|TAMS 0x0000000710a00000, 0x0000000710a00000| Complete 
| 112|0x0000000710c00000, 0x0000000710e00000, 0x0000000710e00000|100%| E|CS|TAMS 0x0000000710c00000, 0x0000000710c00000| Complete 
| 113|0x0000000710e00000, 0x0000000711000000, 0x0000000711000000|100%| E|CS|TAMS 0x0000000710e00000, 0x0000000710e00000| Complete 
| 114|0x0000000711000000, 0x0000000711200000, 0x0000000711200000|100%| E|CS|TAMS 0x0000000711000000, 0x0000000711000000| Complete 
| 115|0x0000000711200000, 0x0000000711400000, 0x0000000711400000|100%| E|CS|TAMS 0x0000000711200000, 0x0000000711200000| Complete 
| 116|0x0000000711400000, 0x0000000711600000, 0x0000000711600000|100%| E|CS|TAMS 0x0000000711400000, 0x0000000711400000| Complete 
| 117|0x0000000711600000, 0x0000000711800000, 0x0000000711800000|100%| E|CS|TAMS 0x0000000711600000, 0x0000000711600000| Complete 
| 118|0x0000000711800000, 0x0000000711a00000, 0x0000000711a00000|100%| E|CS|TAMS 0x0000000711800000, 0x0000000711800000| Complete 
| 119|0x0000000711a00000, 0x0000000711c00000, 0x0000000711c00000|100%| E|CS|TAMS 0x0000000711a00000, 0x0000000711a00000| Complete 
| 120|0x0000000711c00000, 0x0000000711e00000, 0x0000000711e00000|100%| E|CS|TAMS 0x0000000711c00000, 0x0000000711c00000| Complete 
| 121|0x0000000711e00000, 0x0000000712000000, 0x0000000712000000|100%| E|CS|TAMS 0x0000000711e00000, 0x0000000711e00000| Complete 
| 122|0x0000000712000000, 0x0000000712200000, 0x0000000712200000|100%| E|CS|TAMS 0x0000000712000000, 0x0000000712000000| Complete 
| 123|0x0000000712200000, 0x0000000712400000, 0x0000000712400000|100%| E|CS|TAMS 0x0000000712200000, 0x0000000712200000| Complete 
| 124|0x0000000712400000, 0x0000000712600000, 0x0000000712600000|100%| E|CS|TAMS 0x0000000712400000, 0x0000000712400000| Complete 
| 125|0x0000000712600000, 0x0000000712800000, 0x0000000712800000|100%| E|CS|TAMS 0x0000000712600000, 0x0000000712600000| Complete 
| 126|0x0000000712800000, 0x0000000712a00000, 0x0000000712a00000|100%| E|CS|TAMS 0x0000000712800000, 0x0000000712800000| Complete 

Card table byte_map: [0x000002079db10000,0x000002079e300000] _byte_map_base: 0x000002079a2fa000

Marking Bits (Prev, Next): (CMBitMap*) 0x00000207861123f0, (CMBitMap*) 0x0000020786112430
 Prev Bits: [0x000002079eaf0000, 0x00000207a2a40000)
 Next Bits: [0x00000207a2a40000, 0x00000207a6990000)

Polling page: 0x00000207840a0000

Metaspace:

Usage:
  Non-class:     17.04 MB used.
      Class:      2.38 MB used.
       Both:     19.42 MB used.

Virtual space:
  Non-class space:       64.00 MB reserved,      17.19 MB ( 27%) committed,  1 nodes.
      Class space:        1.00 GB reserved,       2.50 MB ( <1%) committed,  1 nodes.
             Both:        1.06 GB reserved,      19.69 MB (  2%) committed. 

Chunk freelists:
   Non-Class:  2.72 MB
       Class:  1.52 MB
        Both:  4.23 MB

MaxMetaspaceSize: unlimited
CompressedClassSpaceSize: 1.00 GB
Initial GC threshold: 21.00 MB
Current GC threshold: 21.00 MB
CDS: on
MetaspaceReclaimPolicy: balanced
 - commit_granule_bytes: 65536.
 - commit_granule_words: 8192.
 - virtual_space_node_default_size: 8388608.
 - enlarge_chunks_in_place: 1.
 - new_chunks_are_fully_committed: 0.
 - uncommit_free_chunks: 1.
 - use_allocation_guard: 0.


Internal statistics:

num_allocs_failed_limit: 0.
num_arena_births: 240.
num_arena_deaths: 0.
num_vsnodes_births: 2.
num_vsnodes_deaths: 0.
num_space_committed: 315.
num_space_uncommitted: 0.
num_chunks_returned_to_freelist: 0.
num_chunks_taken_from_freelist: 886.
num_chunk_merges: 0.
num_chunk_splits: 613.
num_chunks_enlarged: 497.
num_inconsistent_stats: 0.

CodeHeap 'non-profiled nmethods': size=120000Kb used=1023Kb max_used=1023Kb free=118976Kb
 bounds [0x0000020795ac0000, 0x0000020795d30000, 0x000002079cff0000]
CodeHeap 'profiled nmethods': size=120000Kb used=4800Kb max_used=4800Kb free=115200Kb
 bounds [0x000002078dff0000, 0x000002078e4a0000, 0x0000020795520000]
CodeHeap 'non-nmethods': size=5760Kb used=1283Kb max_used=1330Kb free=4477Kb
 bounds [0x0000020795520000, 0x0000020795790000, 0x0000020795ac0000]
 total_blobs=2932 nmethods=2435 adapters=407
 compilation: enabled
              stopped_count=0, restarted_count=0
 full_count=0

Compilation events (20 events):
Event: 3.399 Thread 0x00000207a93e3fa0 nmethod 2346 0x0000020795bad990 code [0x0000020795badb40, 0x0000020795bae2d8]
Event: 3.401 Thread 0x00000207a93e3fa0 2353       4       java.util.concurrent.ConcurrentHashMap::get (162 bytes)
Event: 3.412 Thread 0x00000207a93e3fa0 nmethod 2353 0x0000020795bae710 code [0x0000020795bae8a0, 0x0000020795baebb8]
Event: 3.413 Thread 0x00000207a93e3fa0 2354   !   4       jdk.internal.loader.BuiltinClassLoader::loadClassOrNull (143 bytes)
Event: 3.420 Thread 0x00000207ae7e84b0 nmethod 2347% 0x0000020795baee90 code [0x0000020795baf080, 0x0000020795bafa50]
Event: 3.425 Thread 0x00000207a93e54d0 2355   !   3       java.lang.Class::getTypeName (46 bytes)
Event: 3.427 Thread 0x00000207a93e54d0 nmethod 2355 0x000002078e462e90 code [0x000002078e463280, 0x000002078e464ba8]
Event: 3.438 Thread 0x00000207ae7e84b0 2356       4       java.net.URLStreamHandler::parseURL (1124 bytes)
Event: 3.446 Thread 0x00000207a93e54d0 2357       3       java.util.Arrays$ArrayList::iterator (12 bytes)
Event: 3.446 Thread 0x00000207a93e54d0 nmethod 2357 0x000002078e465790 code [0x000002078e465940, 0x000002078e465bd8]
Event: 3.447 Thread 0x00000207ae886300 nmethod 2339 0x0000020795baff90 code [0x0000020795bb01a0, 0x0000020795bb15b0]
Event: 3.448 Thread 0x00000207ae886300 2358       4       sun.net.www.protocol.file.Handler::parseURL (18 bytes)
Event: 3.459 Thread 0x00000207a93e54d0 2360       3       java.util.TreeMap::setColor (10 bytes)
Event: 3.460 Thread 0x00000207a93e54d0 nmethod 2360 0x000002078e465d10 code [0x000002078e465ea0, 0x000002078e465fd8]
Event: 3.460 Thread 0x00000207a93e54d0 2362       3       java.util.TreeMap::leftOf (13 bytes)
Event: 3.460 Thread 0x00000207a93e54d0 nmethod 2362 0x000002078e466090 code [0x000002078e466240, 0x000002078e4663b8]
Event: 3.460 Thread 0x00000207a93e54d0 2361       3       java.util.HashMap::removeNode (291 bytes)
Event: 3.461 Thread 0x00000207a93e54d0 nmethod 2361 0x000002078e466490 code [0x000002078e466720, 0x000002078e467a98]
Event: 3.461 Thread 0x00000207a93e54d0 2363       3       java.util.HashMap::remove (26 bytes)
Event: 3.462 Thread 0x00000207a93e54d0 nmethod 2363 0x000002078e467f10 code [0x000002078e4680e0, 0x000002078e468458]

GC Heap History (4 events):
Event: 1.243 GC heap before
{Heap before GC invocations=0 (full 0):
 garbage-first heap   total 260096K, used 20480K [0x0000000702c00000, 0x0000000800000000)
  region size 2048K, 11 young (22528K), 0 survivors (0K)
 Metaspace       used 4690K, committed 4864K, reserved 1114112K
  class space    used 554K, committed 640K, reserved 1048576K
}
Event: 1.252 GC heap after
{Heap after GC invocations=1 (full 0):
 garbage-first heap   total 260096K, used 6636K [0x0000000702c00000, 0x0000000800000000)
  region size 2048K, 2 young (4096K), 2 survivors (4096K)
 Metaspace       used 4690K, committed 4864K, reserved 1114112K
  class space    used 554K, committed 640K, reserved 1048576K
}
Event: 2.679 GC heap before
{Heap before GC invocations=1 (full 0):
 garbage-first heap   total 260096K, used 33260K [0x0000000702c00000, 0x0000000800000000)
  region size 2048K, 16 young (32768K), 2 survivors (4096K)
 Metaspace       used 12329K, committed 12608K, reserved 1114112K
  class space    used 1525K, committed 1664K, reserved 1048576K
}
Event: 2.691 GC heap after
{Heap after GC invocations=2 (full 0):
 garbage-first heap   total 260096K, used 9719K [0x0000000702c00000, 0x0000000800000000)
  region size 2048K, 2 young (4096K), 2 survivors (4096K)
 Metaspace       used 12329K, committed 12608K, reserved 1114112K
  class space    used 1525K, committed 1664K, reserved 1048576K
}

Dll operation events (13 events):
Event: 0.020 Loaded shared library C:\Users\Rocky\.jdks\openjdk-19.0.1\bin\java.dll
Event: 0.041 Loaded shared library C:\Users\Rocky\.jdks\openjdk-19.0.1\bin\jsvml.dll
Event: 0.339 Loaded shared library C:\Users\Rocky\.jdks\openjdk-19.0.1\bin\zip.dll
Event: 0.345 Loaded shared library C:\Users\Rocky\.jdks\openjdk-19.0.1\bin\instrument.dll
Event: 0.355 Loaded shared library C:\Users\Rocky\.jdks\openjdk-19.0.1\bin\net.dll
Event: 0.361 Loaded shared library C:\Users\Rocky\.jdks\openjdk-19.0.1\bin\nio.dll
Event: 0.368 Loaded shared library C:\Users\Rocky\.jdks\openjdk-19.0.1\bin\zip.dll
Event: 0.396 Loaded shared library C:\Program Files\JetBrains\IntelliJ IDEA Community Edition 2022.2\bin\breakgen64.dll
Event: 0.415 Loaded shared library C:\Users\Rocky\.jdks\openjdk-19.0.1\bin\extnet.dll
Event: 0.572 Loaded shared library C:\Users\Rocky\.jdks\openjdk-19.0.1\bin\jimage.dll
Event: 1.372 Loaded shared library C:\Users\Rocky\.jdks\openjdk-19.0.1\bin\verify.dll
Event: 2.611 Loaded shared library C:\Users\Rocky\.jdks\openjdk-19.0.1\bin\management.dll
Event: 2.615 Loaded shared library C:\Users\Rocky\.jdks\openjdk-19.0.1\bin\management_ext.dll

Deoptimization events (20 events):
Event: 3.339 Thread 0x00000207860a3070 DEOPT PACKING pc=0x000002078e0909de sp=0x000000956f4fbee0
Event: 3.339 Thread 0x00000207860a3070 DEOPT UNPACKING pc=0x0000020795587543 sp=0x000000956f4fb3c8 mode 0
Event: 3.340 Thread 0x00000207860a3070 DEOPT PACKING pc=0x000002078e0909de sp=0x000000956f4fbee0
Event: 3.340 Thread 0x00000207860a3070 DEOPT UNPACKING pc=0x0000020795587543 sp=0x000000956f4fb3c8 mode 0
Event: 3.340 Thread 0x00000207860a3070 DEOPT PACKING pc=0x000002078e0909de sp=0x000000956f4fbee0
Event: 3.340 Thread 0x00000207860a3070 DEOPT UNPACKING pc=0x0000020795587543 sp=0x000000956f4fb3c8 mode 0
Event: 3.341 Thread 0x00000207860a3070 DEOPT PACKING pc=0x000002078e0909de sp=0x000000956f4fbee0
Event: 3.341 Thread 0x00000207860a3070 DEOPT UNPACKING pc=0x0000020795587543 sp=0x000000956f4fb3c8 mode 0
Event: 3.341 Thread 0x00000207860a3070 DEOPT PACKING pc=0x000002078e0909de sp=0x000000956f4fbee0
Event: 3.341 Thread 0x00000207860a3070 DEOPT UNPACKING pc=0x0000020795587543 sp=0x000000956f4fb3c8 mode 0
Event: 3.342 Thread 0x00000207860a3070 DEOPT PACKING pc=0x000002078e0909de sp=0x000000956f4fbee0
Event: 3.342 Thread 0x00000207860a3070 DEOPT UNPACKING pc=0x0000020795587543 sp=0x000000956f4fb3c8 mode 0
Event: 3.342 Thread 0x00000207860a3070 DEOPT PACKING pc=0x000002078e0909de sp=0x000000956f4fbee0
Event: 3.342 Thread 0x00000207860a3070 DEOPT UNPACKING pc=0x0000020795587543 sp=0x000000956f4fb3c8 mode 0
Event: 3.343 Thread 0x00000207860a3070 DEOPT PACKING pc=0x000002078e0909de sp=0x000000956f4fbee0
Event: 3.343 Thread 0x00000207860a3070 DEOPT UNPACKING pc=0x0000020795587543 sp=0x000000956f4fb3c8 mode 0
Event: 3.343 Thread 0x00000207860a3070 DEOPT PACKING pc=0x000002078e0909de sp=0x000000956f4fbee0
Event: 3.343 Thread 0x00000207860a3070 DEOPT UNPACKING pc=0x0000020795587543 sp=0x000000956f4fb3c8 mode 0
Event: 3.344 Thread 0x00000207860a3070 DEOPT PACKING pc=0x000002078e0909de sp=0x000000956f4fbee0
Event: 3.344 Thread 0x00000207860a3070 DEOPT UNPACKING pc=0x0000020795587543 sp=0x000000956f4fb3c8 mode 0

Classes loaded (20 events):
Event: 3.123 Loading class java/beans/SimpleBeanInfo done
Event: 3.123 Loading class java/beans/GenericBeanInfo done
Event: 3.124 Loading class java/util/Hashtable$EntrySet
Event: 3.124 Loading class java/util/Hashtable$EntrySet done
Event: 3.137 Loading class java/util/concurrent/ConcurrentLinkedDeque$Itr
Event: 3.137 Loading class java/util/concurrent/ConcurrentLinkedDeque$AbstractItr
Event: 3.137 Loading class java/util/concurrent/ConcurrentLinkedDeque$AbstractItr done
Event: 3.137 Loading class java/util/concurrent/ConcurrentLinkedDeque$Itr done
Event: 3.147 Loading class java/net/SocketException
Event: 3.147 Loading class java/net/SocketException done
Event: 3.287 Loading class java/util/regex/Pattern$BnM
Event: 3.288 Loading class java/util/regex/Pattern$BnM done
Event: 3.288 Loading class java/util/regex/Pattern$Pos
Event: 3.288 Loading class java/util/regex/Pattern$Pos done
Event: 3.296 Loading class java/lang/Thread$ThreadNumbering
Event: 3.298 Loading class java/lang/Thread$ThreadNumbering done
Event: 3.372 Loading class javax/naming/ldap/LdapContext
Event: 3.372 Loading class javax/naming/directory/DirContext
Event: 3.372 Loading class javax/naming/directory/DirContext done
Event: 3.372 Loading class javax/naming/ldap/LdapContext done

Classes unloaded (0 events):
No events

Classes redefined (0 events):
No events

Internal exceptions (20 events):
Event: 2.916 Thread 0x00000207860a3070 Implicit null exception at 0x0000020795b28b0f to 0x0000020795b28d58
Event: 3.117 Thread 0x00000207860a3070 Exception <a 'java/lang/ClassNotFoundException'{0x0000000711841cd8}: java/lang/ObjectCustomizer> (0x0000000711841cd8) 
thrown [s\open\src\hotspot\share\classfile\systemDictionary.cpp, line 255]
Event: 3.124 Thread 0x00000207860a3070 Exception <a 'java/lang/ClassNotFoundException'{0x0000000711860278}: org/springframework/context/annotation/ConfigurationClassPostProcessorCustomizer> (0x0000000711860278) 
thrown [s\open\src\hotspot\share\classfile\systemDictionary.cpp, line 255]
Event: 3.126 Thread 0x00000207860a3070 Exception <a 'java/lang/ClassNotFoundException'{0x00000007118767d0}: org/springframework/beans/factory/support/BeanDefinitionRegistryPostProcessorCustomizer> (0x00000007118767d0) 
thrown [s\open\src\hotspot\share\classfile\systemDictionary.cpp, line 255]
Event: 3.127 Thread 0x00000207860a3070 Exception <a 'java/lang/ClassNotFoundException'{0x000000071187c1a8}: org/springframework/beans/factory/config/BeanFactoryPostProcessorCustomizer> (0x000000071187c1a8) 
thrown [s\open\src\hotspot\share\classfile\systemDictionary.cpp, line 255]
Event: 3.127 Thread 0x00000207860a3070 Exception <a 'java/lang/ClassNotFoundException'{0x0000000711881898}: org/springframework/core/PriorityOrderedCustomizer> (0x0000000711881898) 
thrown [s\open\src\hotspot\share\classfile\systemDictionary.cpp, line 255]
Event: 3.128 Thread 0x00000207860a3070 Exception <a 'java/lang/ClassNotFoundException'{0x0000000711885ba0}: org/springframework/core/OrderedCustomizer> (0x0000000711885ba0) 
thrown [s\open\src\hotspot\share\classfile\systemDictionary.cpp, line 255]
Event: 3.129 Thread 0x00000207860a3070 Exception <a 'java/lang/ClassNotFoundException'{0x0000000711940fd0}: org/springframework/context/ResourceLoaderAwareCustomizer> (0x0000000711940fd0) 
thrown [s\open\src\hotspot\share\classfile\systemDictionary.cpp, line 255]
Event: 3.130 Thread 0x00000207860a3070 Exception <a 'java/lang/ClassNotFoundException'{0x0000000711946688}: org/springframework/beans/factory/AwareCustomizer> (0x0000000711946688) 
thrown [s\open\src\hotspot\share\classfile\systemDictionary.cpp, line 255]
Event: 3.130 Thread 0x00000207860a3070 Exception <a 'java/lang/ClassNotFoundException'{0x000000071194ada8}: org/springframework/context/ApplicationStartupAwareCustomizer> (0x000000071194ada8) 
thrown [s\open\src\hotspot\share\classfile\systemDictionary.cpp, line 255]
Event: 3.131 Thread 0x00000207860a3070 Exception <a 'java/lang/ClassNotFoundException'{0x00000007119506e8}: org/springframework/beans/factory/AwareCustomizer> (0x00000007119506e8) 
thrown [s\open\src\hotspot\share\classfile\systemDictionary.cpp, line 255]
Event: 3.131 Thread 0x00000207860a3070 Exception <a 'java/lang/ClassNotFoundException'{0x0000000711954e70}: org/springframework/beans/factory/BeanClassLoaderAwareCustomizer> (0x0000000711954e70) 
thrown [s\open\src\hotspot\share\classfile\systemDictionary.cpp, line 255]
Event: 3.132 Thread 0x00000207860a3070 Exception <a 'java/lang/ClassNotFoundException'{0x000000071195a510}: org/springframework/beans/factory/AwareCustomizer> (0x000000071195a510) 
thrown [s\open\src\hotspot\share\classfile\systemDictionary.cpp, line 255]
Event: 3.132 Thread 0x00000207860a3070 Exception <a 'java/lang/ClassNotFoundException'{0x000000071195e998}: org/springframework/context/EnvironmentAwareCustomizer> (0x000000071195e998) 
thrown [s\open\src\hotspot\share\classfile\systemDictionary.cpp, line 255]
Event: 3.133 Thread 0x00000207860a3070 Exception <a 'java/lang/ClassNotFoundException'{0x0000000711963fd0}: org/springframework/beans/factory/AwareCustomizer> (0x0000000711963fd0) 
thrown [s\open\src\hotspot\share\classfile\systemDictionary.cpp, line 255]
Event: 3.329 Thread 0x00000207ad8ce590 Exception <a 'java/lang/NoSuchMethodError'{0x0000000710e062e0}: 'long java.lang.invoke.DirectMethodHandle$Holder.invokeStatic(java.lang.Object, java.lang.Object)'> (0x0000000710e062e0) 
thrown [s\open\src\hotspot\share\interpreter\linkResolver.cpp, line 774]
Event: 3.330 Thread 0x00000207ad8ce590 Exception <a 'java/lang/NoSuchMethodError'{0x0000000710e098e8}: 'long java.lang.invoke.DirectMethodHandle$Holder.invokeStaticInit(java.lang.Object, java.lang.Object)'> (0x0000000710e098e8) 
thrown [s\open\src\hotspot\share\interpreter\linkResolver.cpp, line 774]
Event: 3.335 Thread 0x00000207ad8ce590 Exception <a 'java/lang/NoSuchMethodError'{0x0000000710e178f8}: 'long java.lang.invoke.DirectMethodHandle$Holder.invokeInterface(java.lang.Object, java.lang.Object)'> (0x0000000710e178f8) 
thrown [s\open\src\hotspot\share\interpreter\linkResolver.cpp, line 774]
Event: 3.336 Thread 0x00000207ad8ce590 Exception <a 'java/lang/IncompatibleClassChangeError'{0x0000000710e1ae90}: Found class java.lang.Object, but interface was expected> (0x0000000710e1ae90) 
thrown [s\open\src\hotspot\share\interpreter\linkResolver.cpp, line 841]
Event: 3.373 Thread 0x00000207ad8ce590 Exception <a 'java/lang/NoSuchMethodError'{0x0000000710e7b330}: 'java.lang.Object java.lang.invoke.DirectMethodHandle$Holder.invokeVirtual(java.lang.Object, java.lang.Object, java.lang.Object, java.lang.Object)'> (0x0000000710e7b330) 
thrown [s\open\src\hotspot\share\interpreter\linkResolver.cpp, line 774]

VM Operations (20 events):
Event: 1.601 Executing VM operation: HandshakeAllThreads
Event: 1.601 Executing VM operation: HandshakeAllThreads done
Event: 1.684 Executing VM operation: HandshakeAllThreads
Event: 1.684 Executing VM operation: HandshakeAllThreads done
Event: 1.883 Executing VM operation: HandshakeAllThreads
Event: 1.883 Executing VM operation: HandshakeAllThreads done
Event: 2.227 Executing VM operation: ICBufferFull
Event: 2.227 Executing VM operation: ICBufferFull done
Event: 2.241 Executing VM operation: HandshakeAllThreads
Event: 2.241 Executing VM operation: HandshakeAllThreads done
Event: 2.503 Executing VM operation: HandshakeAllThreads
Event: 2.503 Executing VM operation: HandshakeAllThreads done
Event: 2.565 Executing VM operation: HandshakeAllThreads
Event: 2.565 Executing VM operation: HandshakeAllThreads done
Event: 2.679 Executing VM operation: G1CollectForAllocation
Event: 2.691 Executing VM operation: G1CollectForAllocation done
Event: 3.052 Executing VM operation: HandshakeAllThreads
Event: 3.053 Executing VM operation: HandshakeAllThreads done
Event: 3.150 Executing VM operation: HandshakeAllThreads
Event: 3.150 Executing VM operation: HandshakeAllThreads done

Events (20 events):
Event: 0.074 Thread 0x00000207a93dff20 Thread added: 0x00000207a93dff20
Event: 0.074 Thread 0x00000207a93e09f0 Thread added: 0x00000207a93e09f0
Event: 0.074 Thread 0x00000207a93e3fa0 Thread added: 0x00000207a93e3fa0
Event: 0.074 Thread 0x00000207a93e54d0 Thread added: 0x00000207a93e54d0
Event: 0.075 Thread 0x00000207a93e70a0 Thread added: 0x00000207a93e70a0
Event: 0.295 Thread 0x00000207ad8d0570 Thread added: 0x00000207ad8d0570
Event: 0.397 Thread 0x00000207ad8cd050 Thread added: 0x00000207ad8cd050
Event: 0.397 Thread 0x00000207ad8cdaf0 Thread added: 0x00000207ad8cdaf0
Event: 0.793 Thread 0x00000207adeaad70 Thread added: 0x00000207adeaad70
Event: 0.823 Thread 0x00000207ade889a0 Thread added: 0x00000207ade889a0
Event: 1.042 Thread 0x00000207ade889a0 Thread exited: 0x00000207ade889a0
Event: 2.228 Thread 0x00000207adeaad70 Thread exited: 0x00000207adeaad70
Event: 2.541 Thread 0x00000207ae886300 Thread added: 0x00000207ae886300
Event: 2.546 Thread 0x00000207ae7e84b0 Thread added: 0x00000207ae7e84b0
Event: 2.740 Thread 0x00000207ad8ce590 Thread added: 0x00000207ad8ce590
Event: 3.298 Thread 0x00000207ad8cf580 Thread added: 0x00000207ad8cf580
Event: 3.322 Thread 0x00000207ad8cf580 Thread exited: 0x00000207ad8cf580
Event: 3.345 Thread 0x00000207ad8ce040 Thread added: 0x00000207ad8ce040
Event: 3.385 Thread 0x00000207ad8ce590 Thread exited: 0x00000207ad8ce590
Event: 3.405 Thread 0x00000207ad8ce040 Thread exited: 0x00000207ad8ce040


Dynamic libraries:
0x00007ff7056f0000 - 0x00007ff7056fe000 	C:\Users\Rocky\.jdks\openjdk-19.0.1\bin\java.exe
0x00007fff2ec70000 - 0x00007fff2ee68000 	C:\WINDOWS\SYSTEM32\ntdll.dll
0x00007ffeeca40000 - 0x00007ffeeca57000 	C:\Program Files\AVG\Antivirus\aswhook.dll
0x00007fff2da20000 - 0x00007fff2dadf000 	C:\WINDOWS\System32\KERNEL32.DLL
0x00007fff2c430000 - 0x00007fff2c702000 	C:\WINDOWS\System32\KERNELBASE.dll
0x00007fff2c710000 - 0x00007fff2c810000 	C:\WINDOWS\System32\ucrtbase.dll
0x00007fff13500000 - 0x00007fff1351b000 	C:\Users\Rocky\.jdks\openjdk-19.0.1\bin\VCRUNTIME140.dll
0x00007fff13520000 - 0x00007fff13537000 	C:\Users\Rocky\.jdks\openjdk-19.0.1\bin\jli.dll
0x00007fff2d410000 - 0x00007fff2d5ad000 	C:\WINDOWS\System32\USER32.dll
0x00007fff2c8c0000 - 0x00007fff2c8e2000 	C:\WINDOWS\System32\win32u.dll
0x00007fff2ccc0000 - 0x00007fff2cceb000 	C:\WINDOWS\System32\GDI32.dll
0x00007fff192f0000 - 0x00007fff1958a000 	C:\WINDOWS\WinSxS\amd64_microsoft.windows.common-controls_6595b64144ccf1df_6.0.19041.1110_none_60b5254171f9507e\COMCTL32.dll
0x00007fff2ca50000 - 0x00007fff2cb5f000 	C:\WINDOWS\System32\gdi32full.dll
0x00007fff2c940000 - 0x00007fff2c9dd000 	C:\WINDOWS\System32\msvcp_win.dll
0x00007fff2d980000 - 0x00007fff2da1e000 	C:\WINDOWS\System32\msvcrt.dll
0x00007fff2d3c0000 - 0x00007fff2d3f2000 	C:\WINDOWS\System32\IMM32.DLL
0x00007fff28f90000 - 0x00007fff28f9c000 	C:\Users\Rocky\.jdks\openjdk-19.0.1\bin\vcruntime140_1.dll
0x00007fff0a710000 - 0x00007fff0a79e000 	C:\Users\Rocky\.jdks\openjdk-19.0.1\bin\msvcp140.dll
0x00007ffe7b300000 - 0x00007ffe7bfc0000 	C:\Users\Rocky\.jdks\openjdk-19.0.1\bin\server\jvm.dll
0x00007fff2d650000 - 0x00007fff2d6fe000 	C:\WINDOWS\System32\ADVAPI32.dll
0x00007fff2e380000 - 0x00007fff2e41c000 	C:\WINDOWS\System32\sechost.dll
0x00007fff2d1e0000 - 0x00007fff2d305000 	C:\WINDOWS\System32\RPCRT4.dll
0x00007fff1b770000 - 0x00007fff1b797000 	C:\WINDOWS\SYSTEM32\WINMM.dll
0x00007fff18e60000 - 0x00007fff18e69000 	C:\WINDOWS\SYSTEM32\WSOCK32.dll
0x00007fff20d80000 - 0x00007fff20d8a000 	C:\WINDOWS\SYSTEM32\VERSION.dll
0x00007fff2d760000 - 0x00007fff2d7cb000 	C:\WINDOWS\System32\WS2_32.dll
0x00007fff2ab70000 - 0x00007fff2ab82000 	C:\WINDOWS\SYSTEM32\kernel.appcore.dll
0x00007fff26390000 - 0x00007fff2639a000 	C:\Users\Rocky\.jdks\openjdk-19.0.1\bin\jimage.dll
0x00007fff2a070000 - 0x00007fff2a254000 	C:\WINDOWS\SYSTEM32\DBGHELP.DLL
0x00007fff1da60000 - 0x00007fff1da8c000 	C:\WINDOWS\SYSTEM32\dbgcore.DLL
0x00007fff2c370000 - 0x00007fff2c3f2000 	C:\WINDOWS\System32\bcryptPrimitives.dll
0x00007fff22d80000 - 0x00007fff22d8e000 	C:\Users\Rocky\.jdks\openjdk-19.0.1\bin\instrument.dll
0x00007fff12d40000 - 0x00007fff12d66000 	C:\Users\Rocky\.jdks\openjdk-19.0.1\bin\java.dll
0x00007ffee60b0000 - 0x00007ffee6187000 	C:\Users\Rocky\.jdks\openjdk-19.0.1\bin\jsvml.dll
0x00007fff2e4e0000 - 0x00007fff2ec23000 	C:\WINDOWS\System32\SHELL32.dll
0x00007fff2a3d0000 - 0x00007fff2ab62000 	C:\WINDOWS\SYSTEM32\windows.storage.dll
0x00007fff2e010000 - 0x00007fff2e364000 	C:\WINDOWS\System32\combase.dll
0x00007fff2bdd0000 - 0x00007fff2be00000 	C:\WINDOWS\SYSTEM32\Wldp.dll
0x00007fff2d310000 - 0x00007fff2d3bd000 	C:\WINDOWS\System32\SHCORE.dll
0x00007fff2d700000 - 0x00007fff2d755000 	C:\WINDOWS\System32\shlwapi.dll
0x00007fff2c2b0000 - 0x00007fff2c2cf000 	C:\WINDOWS\SYSTEM32\profapi.dll
0x00007fff113d0000 - 0x00007fff113e8000 	C:\Users\Rocky\.jdks\openjdk-19.0.1\bin\zip.dll
0x00007fff13460000 - 0x00007fff13473000 	C:\Users\Rocky\.jdks\openjdk-19.0.1\bin\net.dll
0x00007fff28960000 - 0x00007fff28a6c000 	C:\WINDOWS\SYSTEM32\WINHTTP.dll
0x00007fff2baf0000 - 0x00007fff2bb5a000 	C:\WINDOWS\system32\mswsock.dll
0x00007fff12ea0000 - 0x00007fff12eb6000 	C:\Users\Rocky\.jdks\openjdk-19.0.1\bin\nio.dll
0x00007fff22ce0000 - 0x00007fff22cfa000 	C:\Program Files\JetBrains\IntelliJ IDEA Community Edition 2022.2\bin\breakgen64.dll
0x00007fff14ac0000 - 0x00007fff14ac8000 	C:\Users\Rocky\.jdks\openjdk-19.0.1\bin\extnet.dll
0x00007fff14010000 - 0x00007fff14020000 	C:\Users\Rocky\.jdks\openjdk-19.0.1\bin\verify.dll
0x00007fff22d70000 - 0x00007fff22d7a000 	C:\Users\Rocky\.jdks\openjdk-19.0.1\bin\management.dll
0x00007fff22c90000 - 0x00007fff22c9b000 	C:\Users\Rocky\.jdks\openjdk-19.0.1\bin\management_ext.dll
0x00007fff2d400000 - 0x00007fff2d408000 	C:\WINDOWS\System32\PSAPI.DLL
0x00007fff119f0000 - 0x00007fff11a07000 	C:\WINDOWS\system32\napinsp.dll
0x00007fff119d0000 - 0x00007fff119eb000 	C:\WINDOWS\system32\pnrpnsp.dll
0x00007fff119b0000 - 0x00007fff119c5000 	C:\WINDOWS\system32\wshbth.dll
0x00007fff26a90000 - 0x00007fff26aad000 	C:\WINDOWS\system32\NLAapi.dll
0x00007fff2b7a0000 - 0x00007fff2b7db000 	C:\WINDOWS\SYSTEM32\IPHLPAPI.DLL
0x00007fff2b7f0000 - 0x00007fff2b8ba000 	C:\WINDOWS\SYSTEM32\DNSAPI.dll
0x00007fff2e370000 - 0x00007fff2e378000 	C:\WINDOWS\System32\NSI.dll
0x00007fff11990000 - 0x00007fff119a2000 	C:\WINDOWS\System32\winrnr.dll
0x00007fff1d100000 - 0x00007fff1d10a000 	C:\Windows\System32\rasadhlp.dll
0x00007fff1d150000 - 0x00007fff1d1d0000 	C:\WINDOWS\System32\fwpuclnt.dll
0x00007fff2c400000 - 0x00007fff2c427000 	C:\WINDOWS\System32\bcrypt.dll

dbghelp: loaded successfully - version: 4.0.5 - missing functions: none
symbol engine: initialized successfully - sym options: 0x614 - pdb path: .;C:\Users\Rocky\.jdks\openjdk-19.0.1\bin;C:\WINDOWS\SYSTEM32;C:\Program Files\AVG\Antivirus;C:\WINDOWS\WinSxS\amd64_microsoft.windows.common-controls_6595b64144ccf1df_6.0.19041.1110_none_60b5254171f9507e;C:\Users\Rocky\.jdks\openjdk-19.0.1\bin\server;C:\Program Files\JetBrains\IntelliJ IDEA Community Edition 2022.2\bin

VM Arguments:
jvm_args: -ea -Didea.test.cyclic.buffer.size=1048576 -javaagent:C:\Program Files\JetBrains\IntelliJ IDEA Community Edition 2022.2\lib\idea_rt.jar=50163:C:\Program Files\JetBrains\IntelliJ IDEA Community Edition 2022.2\bin -Dfile.encoding=UTF-8 
java_command: com.intellij.rt.junit.JUnitStarter -ideVersion5 -junit5 com.example.demo.IntegracionTurnoTest
java_class_path (initial): C:\Users\Rocky\.m2\repository\org\junit\platform\junit-platform-launcher\1.8.2\junit-platform-launcher-1.8.2.jar;C:\Program Files\JetBrains\IntelliJ IDEA Community Edition 2022.2\lib\idea_rt.jar;C:\Program Files\JetBrains\IntelliJ IDEA Community Edition 2022.2\plugins\junit\lib\junit5-rt.jar;C:\Program Files\JetBrains\IntelliJ IDEA Community Edition 2022.2\plugins\junit\lib\junit-rt.jar;C:\Users\Rocky\Desktop\Proyecto_Integrador\target\test-classes;C:\Users\Rocky\Desktop\Proyecto_Integrador\target\classes;C:\Users\Rocky\.m2\repository\org\springframework\boot\spring-boot-starter-data-jpa\2.7.6\spring-boot-starter-data-jpa-2.7.6.jar;C:\Users\Rocky\.m2\repository\org\springframework\boot\spring-boot-starter-aop\2.7.6\spring-boot-starter-aop-2.7.6.jar;C:\Users\Rocky\.m2\repository\org\springframework\spring-aop\5.3.24\spring-aop-5.3.24.jar;C:\Users\Rocky\.m2\repository\org\aspectj\aspectjweaver\1.9.7\aspectjweaver-1.9.7.jar;C:\Users\Rocky\.m2\repository\org\springframework\boot\spring-boot-starter-jdbc\2.7.6\spring-boot-starter-jdbc-2.7.6.jar;C:\Users\Rocky\.m2\repository\com\zaxxer\HikariCP\4.0.3\HikariCP-4.0.3.jar;C:\Users\Rocky\.m2\repository\org\springframework\spring-jdbc\5.3.24\spring-jdbc-5.3.24.jar;C:\Users\Rocky\.m2\repository\jakarta\transaction\jakarta.transaction-api\1.3.3\jakarta.transaction-api-1.3.3.jar;C:\Users\Rocky\.m2\repository\jakarta\persistence\jakarta.persistence-api\2.2.3\jakarta.persistence-api-2.2.3.jar;C:\Users\Rocky\.m2\repository\org\hibernate\hibernate-core\5.6.14.Final\hibernate-core-5.6.14.Final.jar;C:\Users\Rocky\.m2\repository\org\jboss\logging\jboss-logging\3.4.3.Final\jboss-logging-3.4.3.Final.jar;C:\Users\Rocky\.m2\repository\net\bytebuddy\byte-buddy\1.12.19\byte-buddy-1.12.19.jar;C:\Users\Rocky\.m2\repository\antlr\antlr\2.7.7\antlr-2.7.7.jar;C:\Users\Rocky\.m2\repository\org\jboss\jandex\2.4.2.Final\jandex-2.4.2.Final.jar;C:\Users\Rocky\.m2\repository\com\fasterxml\classmate\1.5.1\classmate-1.5.1.jar;C:\Users\Rocky\.m2\repository\org\hibernate\common\hibernate-commons-annotations\5.1.2.Final\hibernate-commons-annotations-5.1.2.Final.jar;C:\Users\Rocky\.m2\repository\org\glassfish\jaxb\jaxb-runtime\2.3.7\jaxb-runtime-2.3.7.jar;C:\Users\Rocky\.m2\repository\org\glassfish\jaxb\txw2\2.3.7\txw2-2.3.7.jar;C:\Users\Rocky\.m2\repository\com\sun\istack\istack-commons-runtime\3.0.12\istack-commons-runtime-3.0.12.jar;C:\Users\Rocky\.m2\repository\com\sun\activation\jakarta.activation\1.2.2\jakarta.activation-1.2.2.jar;C:\Users\Rocky\.m2\repository\org\springframework\data\spring-data-jpa\2.7.6\spring-data-jpa-2.7.6.jar;C:\Users\Rocky\.m2\repository\org\springframework\data\spring-data-commons\2.7.6\spring-data-commons-2.7.6.jar;C:\Users\Rocky\.m2\repository\org\springframework\spring-orm\5.3.24\spring-orm-5.3.24.jar;C:\Users\Rocky\.m2\repository\org\springframework\spring-context\5.3.24\spring-context-5.3.24.jar;C:\Users\Rocky\.m2\repository\org\springframework\spring-tx\5.3.24\spring-tx-5.3.24.jar;C:\Users\Rocky\.m2\repository\org\springframework\spring-beans\5.3.24\spring-beans-5.3.24.jar;C:\Users\Rocky\.m2\repository\org\slf4j\slf4j-api\1.7.36\slf4j-api-1.7.36.jar;C:\Users\Rocky\.m2\repository\org\springframework\spring-aspects\5.3.24\spring-aspects-5.3.24.jar;C:\Users\Rocky\.m2\repository\org\springframework\boot\spring-boot-starter-web\2.7.6\spring-boot-starter-web-2.7.6.jar;C:\Users\Rocky\.m2\repository\org\springframework\boot\spring-boot-starter\2.7.6\spring-boot-starter-2.7.6.jar;C:\Users\Rocky\.m2\repository\org\springframework\boot\spring-boot\2.7.6\spring-boot-2.7.6.jar;C:\Users\Rocky\.m2\repository\org\springframework\boot\spring-boot-autoconfigure\2.7.6\spring-boot-autoconfigure-2.7.6.jar;C:\Users\Rocky\.m2\repository\org\springframework\boot\spring-boot-starter-logging\2.7.6\spring-boot-starter-logging-2.7.6.jar;C:\Users\Rocky\.m2\repository\ch\qos\logback\logback-classic\1.2.11\logback-classic-1.2.11.jar;C:\Users\Rocky\.m2\repository\ch\qos\logback\logback-core\1.2.11\logback-core-1.2.11.jar;C:\Users\Rocky\.m2\repository\org\apache\logging\log4j\log4j-to-slf4j\2.17.2\log4j-to-slf4j-2.17.2.jar;C:\Users\Rocky\.m2\repository\org\apache\logging\log4j\log4j-api\2.17.2\log4j-api-2.17.2.jar;C:\Users\Rocky\.m2\repository\org\slf4j\jul-to-slf4j\1.7.36\jul-to-slf4j-1.7.36.jar;C:\Users\Rocky\.m2\repository\jakarta\annotation\jakarta.annotation-api\1.3.5\jakarta.annotation-api-1.3.5.jar;C:\Users\Rocky\.m2\repository\org\yaml\snakeyaml\1.30\snakeyaml-1.30.jar;C:\Users\Rocky\.m2\repository\org\springframework\boot\spring-boot-starter-json\2.7.6\spring-boot-starter-json-2.7.6.jar;C:\Users\Rocky\.m2\repository\com\fasterxml\jackson\core\jackson-databind\2.13.4.2\jackson-databind-2.13.4.2.jar;C:\Users\Rocky\.m2\repository\com\fasterxml\jackson\core\jackson-annotations\2.13.4\jackson-annotations-2.13.4.jar;C:\Users\Rocky\.m2\repository\com\fasterxml\jackson\core\jackson-core\2.13.4\jackson-core-2.13.4.jar;C:\Users\Rocky\.m2\repository\com\fasterxml\jackson\datatype\jackson-datatype-jdk8\2.13.4\jackson-datatype-jdk8-2.13.4.jar;C:\Users\Rocky\.m2\repository\com\fasterxml\jackson\datatype\jackson-datatype-jsr310\2.13.4\jackson-datatype-jsr310-2.13.4.jar;C:\Users\Rocky\.m2\repository\com\fasterxml\jackson\module\jackson-module-parameter-names\2.13.4\jackson-module-parameter-names-2.13.4.jar;C:\Users\Rocky\.m2\repository\org\springframework\boot\spring-boot-starter-tomcat\2.7.6\spring-boot-starter-tomcat-2.7.6.jar;C:\Users\Rocky\.m2\repository\org\apache\tomcat\embed\tomcat-embed-core\9.0.69\tomcat-embed-core-9.0.69.jar;C:\Users\Rocky\.m2\repository\org\apache\tomcat\embed\tomcat-embed-el\9.0.69\tomcat-embed-el-9.0.69.jar;C:\Users\Rocky\.m2\repository\org\apache\tomcat\embed\tomcat-embed-websocket\9.0.69\tomcat-embed-websocket-9.0.69.jar;C:\Users\Rocky\.m2\repository\org\springframework\spring-web\5.3.24\spring-web-5.3.24.jar;C:\Users\Rocky\.m2\repository\org\springframework\spring-webmvc\5.3.24\spring-webmvc-5.3.24.jar;C:\Users\Rocky\.m2\repository\org\springframework\spring-expression\5.3.24\spring-expression-5.3.24.jar;C:\Users\Rocky\.m2\repository\com\h2database\h2\2.1.214\h2-2.1.214.jar;C:\Users\Rocky\.m2\repository\org\springframework\boot\spring-boot-starter-test\2.7.6\spring-boot-starter-test-2.7.6.jar;C:\Users\Rocky\.m2\repository\org\springframework\boot\spring-boot-test\2.7.6\spring-boot-test-2.7.6.jar;C:\Users\Rocky\.m2\repository\org\springframework\boot\spring-boot-test-autoconfigure\2.7.6\spring-boot-test-autoconfigure-2.7.6.jar;C:\Users\Rocky\.m2\repository\com\jayway\jsonpath\json-path\2.7.0\json-path-2.7.0.jar;C:\Users\Rocky\.m2\repository\net\minidev\json-smart\2.4.8\json-smart-2.4.8.jar;C:\Users\Rocky\.m2\repository\net\minidev\accessors-smart\2.4.8\accessors-smart-2.4.8.jar;C:\Users\Rocky\.m2\repository\org\ow2\asm\asm\9.1\asm-9.1.jar;C:\Users\Rocky\.m2\repository\jakarta\xml\bind\jakarta.xml.bind-api\2.3.3\jakarta.xml.bind-api-2.3.3.jar;C:\Users\Rocky\.m2\repository\jakarta\activation\jakarta.activation-api\1.2.2\jakarta.activation-api-1.2.2.jar;C:\Users\Rocky\.m2\repository\org\assertj\assertj-core\3.22.0\assertj-core-3.22.0.jar;C:\Users\Rocky\.m2\repository\org\hamcrest\hamcrest\2.2\hamcrest-2.2.jar;C:\Users\Rocky\.m2\repository\org\junit\jupiter\junit-jupiter\5.8.2\junit-jupiter-5.8.2.jar;C:\Users\Rocky\.m2\repository\org\junit\jupiter\junit-jupiter-api\5.8.2\junit-jupiter-api-5.8.2.jar;C:\Users\Rocky\.m2\repository\org\opentest4j\opentest4j\1.2.0\opentest4j-1.2.0.jar;C:\Users\Rocky\.m2\repository\org\junit\platform\junit-platform-commons\1.8.2\junit-platform-commons-1.8.2.jar;C:\Users\Rocky\.m2\repository\org\apiguardian\apiguardian-api\1.1.2\apiguardian-api-1.1.2.jar;C:\Users\Rocky\.m2\repository\org\junit\jupiter\junit-jupiter-params\5.8.2\junit-jupiter-params-5.8.2.jar;C:\Users\Rocky\.m2\repository\org\junit\jupiter\junit-jupiter-engine\5.8.2\junit-jupiter-engine-5.8.2.jar;C:\Users\Rocky\.m2\repository\org\junit\platform\junit-platform-engine\1.8.2\junit-platform-engine-1.8.2.jar;C:\Users\Rocky\.m2\repository\org\mockito\mockito-core\4.5.1\mockito-core-4.5.1.jar;C:\Users\Rocky\.m2\repository\net\bytebuddy\byte-buddy-agent\1.12.19\byte-buddy-agent-1.12.19.jar;C:\Users\Rocky\.m2\repository\org\objenesis\objenesis\3.2\objenesis-3.2.jar;C:\Users\Rocky\.m2\repository\org\mockito\mockito-junit-jupiter\4.5.1\mockito-junit-jupiter-4.5.1.jar;C:\Users\Rocky\.m2\repository\org\skyscreamer\jsonassert\1.5.1\jsonassert-1.5.1.jar;C:\Users\Rocky\.m2\repository\com\vaadin\external\google\android-json\0.0.20131108.vaadin1\android-json-0.0.20131108.vaadin1.jar;C:\Users\Rocky\.m2\repository\org\springframework\spring-core\5.3.24\spring-core-5.3.24.jar;C:\Users\Rocky\.m2\repository\org\springframework\spring-jcl\5.3.24\spring-jcl-5.3.24.jar;C:\Users\Rocky\.m2\repository\org\springframework\spring-test\5.3.24\spring-test-5.3.24.jar;C:\Users\Rocky\.m2\repository\org\xmlunit\xmlunit-core\2.9.0\xmlunit-core-2.9.0.jar;C:\Users\Rocky\.m2\repository\log4j\log4j\1.2.17\log4j-1.2.17.jar
Launcher Type: SUN_STANDARD

[Global flags]
     intx CICompilerCount                          = 4                                         {product} {ergonomic}
     uint ConcGCThreads                            = 2                                         {product} {ergonomic}
     uint G1ConcRefinementThreads                  = 8                                         {product} {ergonomic}
   size_t G1HeapRegionSize                         = 2097152                                   {product} {ergonomic}
    uintx GCDrainStackTargetSize                   = 64                                        {product} {ergonomic}
   size_t InitialHeapSize                          = 266338304                                 {product} {ergonomic}
   size_t MarkStackSize                            = 4194304                                   {product} {ergonomic}
   size_t MaxHeapSize                              = 4248829952                                {product} {ergonomic}
   size_t MaxNewSize                               = 2548039680                                {product} {ergonomic}
   size_t MinHeapDeltaBytes                        = 2097152                                   {product} {ergonomic}
   size_t MinHeapSize                              = 8388608                                   {product} {ergonomic}
    uintx NonNMethodCodeHeapSize                   = 5839372                                {pd product} {ergonomic}
    uintx NonProfiledCodeHeapSize                  = 122909434                              {pd product} {ergonomic}
    uintx ProfiledCodeHeapSize                     = 122909434                              {pd product} {ergonomic}
    uintx ReservedCodeCacheSize                    = 251658240                              {pd product} {ergonomic}
     bool SegmentedCodeCache                       = true                                      {product} {ergonomic}
   size_t SoftMaxHeapSize                          = 4248829952                             {manageable} {ergonomic}
     bool UseCompressedClassPointers               = true                           {product lp64_product} {ergonomic}
     bool UseCompressedOops                        = true                           {product lp64_product} {ergonomic}
     bool UseG1GC                                  = true                                      {product} {ergonomic}
     bool UseLargePagesIndividualAllocation        = false                                  {pd product} {ergonomic}

Logging:
Log output configuration:
 #0: stdout all=warning uptime,level,tags foldmultilines=false
 #1: stderr all=off uptime,level,tags foldmultilines=false

Environment Variables:
PATH=C:\Program Files\Common Files\Oracle\Java\javapath;C:\WINDOWS\system32;C:\Program Files (x86)\NVIDIA Corporation\PhysX\Common;C:\Program Files (x86)\Razer Chroma SDK\bin;C:\Program Files\Razer Chroma SDK\bin;C:\Program Files (x86)\Razer\ChromaBroadcast\bin;C:\Program Files\Razer\ChromaBroadcast\bin;C:\Program Files (x86)\Intel\iCLS Client\;C:\Program Files\Intel\iCLS Client\;C:\Windows\system32;C:\Windows;C:\Windows\System32\Wbem;C:\Windows\System32\WindowsPowerShell\v1.0\;C:\Program Files (x86)\Intel\Intel(R) Management Engine Components\DAL;C:\Program Files\Intel\Intel(R) Management Engine Components\DAL;C:\Program Files (x86)\Intel\Intel(R) Management Engine Components\IPT;C:\Program Files\Intel\Intel(R) Management Engine Components\IPT;C:\WINDOWS\system32;C:\WINDOWS;C:\WINDOWS\System32\Wbem;C:\WINDOWS\System32\WindowsPowerShell\v1.0\;C:\WINDOWS\System32\OpenSSH\;C:\WINDOWS\system32\config\systemprofile\AppData\Local\Microsoft\WindowsApps;C:\Program Files\NVIDIA Corporation\NVIDIA NvDLISR;C:\Program Files\Git\cmd;C:\Program Files\nodejs\;C:\HashiCorp\Vagrant\bin;C:\Program Files\PuTTY\;C:\Users\Rocky\AppData\Local\Microsoft\WindowsApps;C:\Users\Rocky\AppData\Local\Programs\Microsoft VS Code\bin;C:\Users\Rocky\AppData\Roaming\npm
USERNAME=Rocky
OS=Windows_NT
PROCESSOR_IDENTIFIER=Intel64 Family 6 Model 158 Stepping 9, GenuineIntel
TMP=C:\Users\Rocky\AppData\Local\Temp
TEMP=C:\Users\Rocky\AppData\Local\Temp



---------------  S Y S T E M  ---------------

OS:
 Windows 10 , 64 bit Build 19041 (10.0.19041.2251)
OS uptime: 0 days 5:56 hours
Hyper-V role detected

CPU: total 8 (initial active 8) (4 cores per cpu, 2 threads per core) family 6 model 158 stepping 9 microcode 0xb4, cx8, cmov, fxsr, ht, mmx, 3dnowpref, sse, sse2, sse3, ssse3, sse4.1, sse4.2, popcnt, lzcnt, tsc, tscinvbit, avx, avx2, aes, erms, clmul, bmi1, bmi2, adx, fma, vzeroupper, clflush, clflushopt, hv, rdtscp

Memory: 4k page, system-wide physical 16207M (3341M free)
TotalPageFile size 20022M (AvailPageFile size 4M)
current process WorkingSet (physical memory assigned to process): 131M, peak: 131M
current process commit charge ("private bytes"): 390M, peak: 391M

vm_info: OpenJDK 64-Bit Server VM (19.0.1+10-21) for windows-amd64 JRE (19.0.1+10-21), built on 2022-09-14T12:45:06Z by "mach5one" with MS VC++ 17.1 (VS2022)

END.
